{"contracts/Raffle.sol":{"l":{"58":0,"59":0,"60":0,"61":0,"62":0,"63":0,"64":0,"65":0,"69":0,"70":0,"73":0,"74":0,"77":0,"79":0,"92":0,"93":0,"94":0,"95":0,"96":0,"100":0,"101":0,"102":0,"111":0,"112":0,"120":0,"128":0,"129":0,"130":0,"131":0,"132":0,"133":0,"134":0,"135":0,"136":0,"139":0,"145":0,"149":0,"153":0,"157":0,"161":0,"165":0,"169":0,"173":0},"path":"/home/vamshi/Project/hardhat-lucky-raffle/contracts/Raffle.sol","s":{"1":0,"2":0,"3":0,"4":0,"5":0,"6":0,"7":0,"8":0,"9":0,"10":0,"11":0,"12":0,"13":0,"14":0,"15":0,"16":0,"17":0,"18":0,"19":0,"20":0,"21":0,"22":0,"23":0,"24":0,"25":0},"b":{"1":[0,0],"2":[0,0],"3":[0,0],"4":[0,0]},"f":{"1":0,"2":0,"3":0,"4":0,"5":0,"6":0,"7":0,"8":0,"9":0,"10":0,"11":0,"12":0,"13":0},"fnMap":{"1":{"name":"constructor","line":57,"loc":{"start":{"line":50,"column":4},"end":{"line":66,"column":4}}},"2":{"name":"enterRaffle","line":68,"loc":{"start":{"line":68,"column":4},"end":{"line":80,"column":4}}},"3":{"name":"checkUpkeep","line":89,"loc":{"start":{"line":89,"column":4},"end":{"line":97,"column":4}}},"4":{"name":"performUpkeep","line":99,"loc":{"start":{"line":99,"column":4},"end":{"line":121,"column":4}}},"5":{"name":"fulfillRandomWords","line":124,"loc":{"start":{"line":124,"column":4},"end":{"line":140,"column":4}}},"6":{"name":"getEntranceFee","line":144,"loc":{"start":{"line":144,"column":4},"end":{"line":146,"column":4}}},"7":{"name":"getPlayer","line":148,"loc":{"start":{"line":148,"column":4},"end":{"line":150,"column":4}}},"8":{"name":"getRecentWinner","line":152,"loc":{"start":{"line":152,"column":4},"end":{"line":154,"column":4}}},"9":{"name":"noOfPlayers","line":156,"loc":{"start":{"line":156,"column":4},"end":{"line":158,"column":4}}},"10":{"name":"getLatestTimeStamp","line":160,"loc":{"start":{"line":160,"column":4},"end":{"line":162,"column":4}}},"11":{"name":"getConfirmations","line":164,"loc":{"start":{"line":164,"column":4},"end":{"line":166,"column":4}}},"12":{"name":"getInterval","line":168,"loc":{"start":{"line":168,"column":4},"end":{"line":170,"column":4}}},"13":{"name":"getNumWords","line":172,"loc":{"start":{"line":172,"column":4},"end":{"line":174,"column":4}}}},"statementMap":{"1":{"start":{"line":69,"column":8},"end":{"line":69,"column":2387}},"2":{"start":{"line":73,"column":8},"end":{"line":73,"column":2546}},"3":{"start":{"line":77,"column":8},"end":{"line":77,"column":42}},"4":{"start":{"line":79,"column":8},"end":{"line":79,"column":38}},"5":{"start":{"line":92,"column":8},"end":{"line":92,"column":57}},"6":{"start":{"line":93,"column":8},"end":{"line":93,"column":78}},"7":{"start":{"line":94,"column":8},"end":{"line":94,"column":46}},"8":{"start":{"line":95,"column":8},"end":{"line":95,"column":51}},"9":{"start":{"line":100,"column":8},"end":{"line":100,"column":47}},"10":{"start":{"line":101,"column":8},"end":{"line":101,"column":3725}},"11":{"start":{"line":112,"column":8},"end":{"line":112,"column":4154}},"12":{"start":{"line":120,"column":8},"end":{"line":120,"column":43}},"13":{"start":{"line":128,"column":8},"end":{"line":128,"column":65}},"14":{"start":{"line":129,"column":8},"end":{"line":129,"column":63}},"15":{"start":{"line":134,"column":8},"end":{"line":134,"column":82}},"16":{"start":{"line":135,"column":8},"end":{"line":135,"column":4986}},"17":{"start":{"line":139,"column":8},"end":{"line":139,"column":39}},"18":{"start":{"line":145,"column":8},"end":{"line":145,"column":28}},"19":{"start":{"line":149,"column":8},"end":{"line":149,"column":31}},"20":{"start":{"line":153,"column":8},"end":{"line":153,"column":29}},"21":{"start":{"line":157,"column":8},"end":{"line":157,"column":31}},"22":{"start":{"line":161,"column":8},"end":{"line":161,"column":30}},"23":{"start":{"line":165,"column":8},"end":{"line":165,"column":36}},"24":{"start":{"line":169,"column":8},"end":{"line":169,"column":25}},"25":{"start":{"line":173,"column":8},"end":{"line":173,"column":24}}},"branchMap":{"1":{"line":69,"type":"if","locations":[{"start":{"line":69,"column":8},"end":{"line":69,"column":8}},{"start":{"line":69,"column":8},"end":{"line":69,"column":8}}]},"2":{"line":73,"type":"if","locations":[{"start":{"line":73,"column":8},"end":{"line":73,"column":8}},{"start":{"line":73,"column":8},"end":{"line":73,"column":8}}]},"3":{"line":101,"type":"if","locations":[{"start":{"line":101,"column":8},"end":{"line":101,"column":8}},{"start":{"line":101,"column":8},"end":{"line":101,"column":8}}]},"4":{"line":135,"type":"if","locations":[{"start":{"line":135,"column":8},"end":{"line":135,"column":8}},{"start":{"line":135,"column":8},"end":{"line":135,"column":8}}]}}},"contracts/test/VRFCoordinatorV2Mock.sol":{"l":{},"path":"/home/vamshi/Project/hardhat-lucky-raffle/contracts/test/VRFCoordinatorV2Mock.sol","s":{},"b":{},"f":{},"fnMap":{},"statementMap":{},"branchMap":{}}}